2015-01-30 15:37:05,684 INFO  crawl.Injector - Injector: starting at 2015-01-30 15:37:05
2015-01-30 15:37:05,686 INFO  crawl.Injector - Injector: crawlDb: crawldb
2015-01-30 15:37:05,687 INFO  crawl.Injector - Injector: urlDir: urls
2015-01-30 15:37:05,688 INFO  crawl.Injector - Injector: Converting injected urls to crawl db entries.
2015-01-30 15:37:06,380 WARN  util.NativeCodeLoader - Unable to load native-hadoop library for your platform... using builtin-java classes where applicable
2015-01-30 15:37:06,381 ERROR security.UserGroupInformation - PriviledgedActionException as:Bing cause:java.io.IOException: Failed to set permissions of path: \tmp\hadoop-Bing\mapred\staging\Bing283471092\.staging to 0700
2015-01-30 15:37:06,383 ERROR crawl.Injector - Injector: java.io.IOException: Failed to set permissions of path: \tmp\hadoop-Bing\mapred\staging\Bing283471092\.staging to 0700
	at org.apache.hadoop.fs.FileUtil.checkReturnValue(FileUtil.java:691)
	at org.apache.hadoop.fs.FileUtil.setPermission(FileUtil.java:664)
	at org.apache.hadoop.fs.RawLocalFileSystem.setPermission(RawLocalFileSystem.java:514)
	at org.apache.hadoop.fs.RawLocalFileSystem.mkdirs(RawLocalFileSystem.java:349)
	at org.apache.hadoop.fs.FilterFileSystem.mkdirs(FilterFileSystem.java:193)
	at org.apache.hadoop.mapreduce.JobSubmissionFiles.getStagingDir(JobSubmissionFiles.java:126)
	at org.apache.hadoop.mapred.JobClient$2.run(JobClient.java:942)
	at org.apache.hadoop.mapred.JobClient$2.run(JobClient.java:936)
	at java.security.AccessController.doPrivileged(Native Method)
	at javax.security.auth.Subject.doAs(Subject.java:415)
	at org.apache.hadoop.security.UserGroupInformation.doAs(UserGroupInformation.java:1190)
	at org.apache.hadoop.mapred.JobClient.submitJobInternal(JobClient.java:936)
	at org.apache.hadoop.mapred.JobClient.submitJob(JobClient.java:910)
	at org.apache.hadoop.mapred.JobClient.runJob(JobClient.java:1353)
	at org.apache.nutch.crawl.Injector.inject(Injector.java:324)
	at org.apache.nutch.crawl.Injector.run(Injector.java:380)
	at org.apache.hadoop.util.ToolRunner.run(ToolRunner.java:65)
	at org.apache.nutch.crawl.Injector.main(Injector.java:370)

